MATLAB is selecting SOFTWARE OPENGL rendering.

                            < M A T L A B (R) >
                  Copyright 1984-2020 The MathWorks, Inc.
                  R2020a (9.8.0.1323502) 64-bit (glnxa64)
                             February 25, 2020

 
To get started, type doc.
For product information, visit www.mathworks.com.
 
STCK 

SSE =

   17.6471

STCK 

SSE =

   17.6226

STCK 

SSE =

   17.6444

STCK 

SSE =

   18.1946

STCK 

SSE =

   17.5739

STCK 

SSE =

   18.8088

STCK 

SSE =

   18.6346

STCK 

SSE =

   17.6471

STCK 

SSE =

   20.2453

STCK 

SSE =

   18.7393

STCK 

SSE =

   18.1520

STCK 

SSE =

   17.9580

STCK 

SSE =

   20.6918

STCK 

SSE =

   19.7439

STCK 

SSE =

   18.5200

STCK 

SSE =

   17.6098

STCK 

SSE =

   18.8186

STCK 

SSE =

   19.0585

STCK 

SSE =

   17.6872

STCK 

SSE =

   17.6918

STCK 

SSE =

   17.6451

STCK 

SSE =

   19.3675

STCK 

SSE =

   18.7524

STCK 

SSE =

   19.6632

STCK 

SSE =

   17.6608

STCK 

SSE =

   18.9328

STCK 

SSE =

   17.7082

STCK 

SSE =

   17.6626

STCK 

SSE =

   19.7352

STCK 

SSE =

   17.6180

STCK 

SSE =

   18.6419

STCK 

SSE =

   17.9713

STCK 

SSE =

   18.0861

STCK 

SSE =

   18.4148

STCK 

SSE =

   18.3245

STCK 

SSE =

   17.6736

STCK 

SSE =

   17.6180

STCK 

SSE =

   20.5454

STCK 

SSE =

   19.6019

STCK 

SSE =

   17.6083

STCK 

SSE =

   19.5379

STCK 

SSE =

   17.6430

STCK 

SSE =

   19.6998

STCK 

SSE =

   18.4236

STCK 

SSE =

   18.9355

STCK 

SSE =

   17.6328

STCK 

SSE =

   17.6083

STCK 

SSE =

   21.6236

STCK 

SSE =

   19.3973

STCK 

SSE =

   18.3687

STCK 

SSE =

   18.2973

STCK 

SSE =

   18.1263

STCK 

SSE =

   17.8963

STCK 

SSE =

   17.7206

STCK 

SSE =

   18.1682

STCK 

SSE =

   18.5041

STCK 

SSE =

   18.7168

STCK 

SSE =

   17.9776

STCK 

SSE =

   19.0093

STCK 

SSE =

   18.1339

STCK 

SSE =

   19.9707

STCK 

SSE =

   18.0994

STCK 

SSE =

   17.6588

STCK 

SSE =

   18.5365

STCK 

SSE =

   17.6698

STCK 

SSE =

   18.4028

STCK 

SSE =

   18.5811

STCK 

SSE =

   18.1422


Local minimum possible. Constraints satisfied.

fmincon stopped because the size of the current step is less than
the value of the step size tolerance and constraints are 
satisfied to within the value of the constraint tolerance.

