MATLAB is selecting SOFTWARE OPENGL rendering.

                            < M A T L A B (R) >
                  Copyright 1984-2020 The MathWorks, Inc.
                  R2020a (9.8.0.1323502) 64-bit (glnxa64)
                             February 25, 2020

 
To get started, type doc.
For product information, visit www.mathworks.com.
 
MLES 

SSE =

   45.4389

MLES 

SSE =

   45.4480

MLES 

SSE =

   45.4407

MLES 

SSE =

   45.4426

MLES 

SSE =

   45.4399

MLES 

SSE =

   45.4448

MLES 

SSE =

   45.4432

MLES 

SSE =

   45.4389

MLES 

SSE =

   49.9127

MLES 

SSE =

   53.1717

MLES 

SSE =

   51.3912

MLES 

SSE =

   48.8178

MLES 

SSE =

   66.1102

MLES 

SSE =

   55.9351

MLES 

SSE =

   50.6584

MLES 

SSE =

   47.9839

MLES 

SSE =

   46.6773

MLES 

SSE =

   46.0474

MLES 

SSE =

   45.7424

MLES 

SSE =

   45.5912

MLES 

SSE =

   45.5215

MLES 

SSE =

   45.4768

MLES 

SSE =

   45.4603

MLES 

SSE =

   45.4517

MLES 

SSE =

   45.4468

MLES 

SSE =

   45.4467

MLES 

SSE =

   45.4444

MLES 

SSE =

   45.4431

MLES 

SSE =

   45.4422

MLES 

SSE =

   45.4400

MLES 

SSE =

   45.4400

MLES 

SSE =

   45.4407

MLES 

SSE =

   45.4372

MLES 

SSE =

   45.4400

MLES 

SSE =

   45.4402

MLES 

SSE =

   45.4441

MLES 

SSE =

   45.4456

MLES 

SSE =

   45.4450

MLES 

SSE =

   45.4393

MLES 

SSE =

   45.4372

MLES 

SSE =

   50.0063

MLES 

SSE =

   45.4412

MLES 

SSE =

   45.4448

MLES 

SSE =

   45.4393

MLES 

SSE =

   45.4412

MLES 

SSE =

   45.4424

MLES 

SSE =

   45.4412

MLES 

SSE =

   45.4421

MLES 

SSE =

   45.4419

MLES 

SSE =

   45.4393

MLES 

SSE =

   45.4446

MLES 

SSE =

   45.4396

MLES 

SSE =

   45.4396

MLES 

SSE =

   45.4412

MLES 

SSE =

   45.4433

MLES 

SSE =

   45.4403

MLES 

SSE =

   45.4379

MLES 

SSE =

   45.4384

MLES 

SSE =

   45.4408


Local minimum possible. Constraints satisfied.

fmincon stopped because the size of the current step is less than
the value of the step size tolerance and constraints are 
satisfied to within the value of the constraint tolerance.

