MATLAB is selecting SOFTWARE OPENGL rendering.

                            < M A T L A B (R) >
                  Copyright 1984-2020 The MathWorks, Inc.
                  R2020a (9.8.0.1323502) 64-bit (glnxa64)
                             February 25, 2020

 
To get started, type doc.
For product information, visit www.mathworks.com.
 
PNW 

SSE =

   21.1096

PNW 

SSE =

   21.1125

PNW 

SSE =

   21.1133

PNW 

SSE =

   21.1125

PNW 

SSE =

   21.1134

PNW 

SSE =

   21.1137

PNW 

SSE =

   21.1125

PNW 

SSE =

   21.1096

PNW 

SSE =

   26.5314

PNW 

SSE =

   24.1181

PNW 

SSE =

   22.5937

PNW 

SSE =

   21.7682

PNW 

SSE =

   26.2634

PNW 

SSE =

   23.8217

PNW 

SSE =

   22.3558

PNW 

SSE =

   21.6462

PNW 

SSE =

   21.3352

PNW 

SSE =

   21.2099

PNW 

SSE =

   21.1584

PNW 

SSE =

   21.1347

PNW 

SSE =

   21.1232

PNW 

SSE =

   21.1190

PNW 

SSE =

   21.1159

PNW 

SSE =

   21.1133

PNW 

SSE =

   21.1139

PNW 

SSE =

   21.1138

PNW 

SSE =

   21.1127

PNW 

SSE =

   21.1143

PNW 

SSE =

   21.1126

PNW 

SSE =

   21.1121

PNW 

SSE =

   21.1131

PNW 

SSE =

   21.1121

PNW 

SSE =

   21.1121

PNW 

SSE =

   21.1128

PNW 

SSE =

   21.1127

PNW 

SSE =

   21.1126

PNW 

SSE =

   21.1124

PNW 

SSE =

   21.1131

PNW 

SSE =

   21.1125

PNW 

SSE =

   21.1129

PNW 

SSE =

   21.1119

PNW 

SSE =

   21.1130

PNW 

SSE =

   21.1131

PNW 

SSE =

   21.1136

PNW 

SSE =

   21.1125

PNW 

SSE =

   21.1127


Local minimum possible. Constraints satisfied.

fmincon stopped because the size of the current step is less than
the value of the step size tolerance and constraints are 
satisfied to within the value of the constraint tolerance.

